<?xml version="1.0" encoding="UTF-8"?>
<!-- Generated by org.testng.reporters.JUnitXMLReporter -->
<testsuite ignored="0" hostname="MGTECHLPT311" failures="0" tests="3" name="Default test" time="9.433" errors="0" timestamp="2023-06-05T12:40:56 IST">
  <testcase classname="TestClass.TC_009_EndToEnd_Test" name="IndexPage_Test" time="0.733"/>
  <testcase classname="TestClass.TC_009_EndToEnd_Test" name="ProductSearchPage_Test" time="1.564"/>
  <testcase classname="TestClass.TC_009_EndToEnd_Test" name="ShopingCartPage_Test" time="1.551"/>
</testsuite> <!-- Default test -->
