<?xml version="1.0" encoding="UTF-8"?>
<!-- Generated by org.testng.reporters.JUnitXMLReporter -->
<testsuite ignored="0" hostname="MGTECHLPT311" failures="0" tests="3" name="EdgeBrowserTest" time="7.718" errors="0" timestamp="2023-05-26T12:02:38 IST">
  <testcase classname="TestClass.TC_001_IndexPage_Test" name="LogoTest" time="0.0">
    <skipped/>
  </testcase> <!-- LogoTest -->
  <testcase classname="TestClass.TC_001_IndexPage_Test" name="TitleTest" time="0.0">
    <skipped/>
  </testcase> <!-- TitleTest -->
  <testcase classname="TestClass.TC_001_IndexPage_Test" name="AccountSetuptest" time="0.0">
    <skipped/>
  </testcase> <!-- AccountSetuptest -->
</testsuite> <!-- EdgeBrowserTest -->
