<?xml version="1.0" encoding="UTF-8"?>
<!-- Generated by org.testng.reporters.JUnitXMLReporter -->
<testsuite ignored="0" hostname="MGTECHLPT311" failures="0" tests="3" name="LogIn_Test" time="6.658" errors="0" timestamp="2023-05-25T15:38:44 IST">
  <testcase classname="TestClass.TC_001_IndexPage_Test" name="LogoTest" time="0.071"/>
  <testcase classname="TestClass.TC_001_IndexPage_Test" name="TitleTest" time="0.009"/>
  <testcase classname="TestClass.TC_001_IndexPage_Test" name="AccountSetuptest" time="0.517"/>
</testsuite> <!-- LogIn_Test -->
