<?xml version="1.0" encoding="UTF-8"?>
<testng-results ignored="0" total="3" passed="3" failed="0" skipped="0">
  <reporter-output>
  </reporter-output>
  <suite started-at="2023-06-05T12:40:47 IST" name="Default suite" finished-at="2023-06-05T12:40:56 IST" duration-ms="9433">
    <groups>
    </groups>
    <test started-at="2023-06-05T12:40:47 IST" name="Default test" finished-at="2023-06-05T12:40:56 IST" duration-ms="9433">
      <class name="TestClass.TC_009_EndToEnd_Test">
        <test-method is-config="true" signature="Launch_Application()[pri:0, instance:TestClass.TC_009_EndToEnd_Test@793f29ff]" started-at="2023-06-05T12:40:47 IST" name="Launch_Application" finished-at="2023-06-05T12:40:52 IST" duration-ms="5549" status="PASS">
          <reporter-output>
          </reporter-output>
        </test-method> <!-- Launch_Application -->
        <test-method signature="IndexPage_Test()[pri:1, instance:TestClass.TC_009_EndToEnd_Test@793f29ff]" started-at="2023-06-05T12:40:52 IST" name="IndexPage_Test" finished-at="2023-06-05T12:40:53 IST" duration-ms="733" status="PASS">
          <reporter-output>
          </reporter-output>
        </test-method> <!-- IndexPage_Test -->
        <test-method signature="ProductSearchPage_Test()[pri:2, instance:TestClass.TC_009_EndToEnd_Test@793f29ff]" started-at="2023-06-05T12:40:53 IST" name="ProductSearchPage_Test" finished-at="2023-06-05T12:40:54 IST" duration-ms="1564" status="PASS">
          <reporter-output>
          </reporter-output>
        </test-method> <!-- ProductSearchPage_Test -->
        <test-method signature="ShopingCartPage_Test()[pri:3, instance:TestClass.TC_009_EndToEnd_Test@793f29ff]" started-at="2023-06-05T12:40:54 IST" name="ShopingCartPage_Test" finished-at="2023-06-05T12:40:56 IST" duration-ms="1551" status="PASS">
          <reporter-output>
          </reporter-output>
        </test-method> <!-- ShopingCartPage_Test -->
      </class> <!-- TestClass.TC_009_EndToEnd_Test -->
    </test> <!-- Default test -->
  </suite> <!-- Default suite -->
</testng-results>
